<?xml version="1.0" encoding="UTF-8"?>
<!-- Generated by org.testng.reporters.JUnitReportReporter -->
<testsuite skipped="0" hostname="SILICUS253" name="Test.ExecuteTests" tests="4" failures="0" timestamp="10 May 2017 05:24:04 GMT" time="13.900" errors="0">
  <testcase name="LogOut" time="3.860" classname="Test.ExecuteTests"/>
  <testcase name="UpdateEmployee" time="1.776" classname="Test.ExecuteTests"/>
  <testcase name="CreateEmployee" time="4.160" classname="Test.ExecuteTests"/>
  <testcase name="Login" time="4.104" classname="Test.ExecuteTests"/>
</testsuite> <!-- Test.ExecuteTests -->
